#
# A fatal error has been detected by the Java Runtime Environment:
#
#  SIGSEGV (0xb) at pc=0x0000000000000000, pid=39371, tid=43015
#
# JRE version: Java(TM) SE Runtime Environment (8.0_45-b14) (build 1.8.0_45-b14)
# Java VM: Java HotSpot(TM) 64-Bit Server VM (25.45-b02 mixed mode bsd-amd64 compressed oops)
# Problematic frame:
# C  0x0000000000000000
#
# Failed to write core dump. Core dumps have been disabled. To enable core dumping, try "ulimit -c unlimited" before starting Java again
#
# If you would like to submit a bug report, please visit:
#   http://bugreport.java.com/bugreport/crash.jsp
# The crash happened outside the Java Virtual Machine in native code.
# See problematic frame for where to report the bug.
#

---------------  T H R E A D  ---------------

Current thread (0x00007fd61a90a000):  JavaThread "Thread-3" [_thread_in_native, id=43015, stack(0x000070000b38f000,0x000070000b48f000)]

siginfo: si_signo: 11 (SIGSEGV), si_code: 1 (SEGV_MAPERR), si_addr: 0x0000000000000000

Registers:
RAX=0x00007fd61a576d30, RBX=0x0000000118337008, RCX=0x00007fff66d4606c, RDX=0x0000000119968938
RSP=0x000070000b48dfd8, RBP=0x000070000b48dff0, RSI=0x0000000000000eea, RDI=0x00007fd61a576ac0
R8 =0x00007fff66d46085, R9 =0x000070000b48e340, R10=0x00007fd61a500000, R11=0x0000000118337008
R12=0x0000000000000000, R13=0x0000000117841c28, R14=0x0000000000000eea, R15=0x00007fd61a90a000
RIP=0x0000000000000000, EFLAGS=0x0000000000010206, ERR=0x0000000000000014
  TRAPNO=0x000000000000000e

Top of Stack: (sp=0x000070000b48dfd8)
0x000070000b48dfd8:   00000001198feb76 0000000117841c28
0x000070000b48dfe8:   000070000b48e628 000070000b48e450
0x000070000b48dff8:   00007fff66d4632e 000000000000037f
0x000070000b48e008:   0000000000000000 0000000000000000
0x000070000b48e018:   0000ffff00001fa0 0000000000000000
0x000070000b48e028:   000000000000ffff 0000000000000100
0x000070000b48e038:   000000000000ffff 0000000000000000
0x000070000b48e048:   0000000000000000 0000000000000000
0x000070000b48e058:   0000000000000000 0000000000000000
0x000070000b48e068:   0000000000000000 0000000000000000
0x000070000b48e078:   000000000000ffff 0000000001b22dc6
0x000070000b48e088:   000000000000ffff 0000000076d229dc
0x000070000b48e098:   000000000000ffff 000000000000ff00
0x000070000b48e0a8:   0000000000ff0000 0000000000000000
0x000070000b48e0b8:   0000000000000000 0000000000000000
0x000070000b48e0c8:   000000ff00000000 0000000000000000
0x000070000b48e0d8:   0000000000000000 0000000000000000
0x000070000b48e0e8:   0000000000000000 616d2f7372657355
0x000070000b48e0f8:   0000000000000000 0000000000000000
0x000070000b48e108:   0000000000000000 0000000000000000
0x000070000b48e118:   0000000000000000 00000007c00cbf20
0x000070000b48e128:   0000000000000000 0000000000000000
0x000070000b48e138:   0000000000000000 0000000000000000
0x000070000b48e148:   0000000000000000 0000000000000000
0x000070000b48e158:   0000000000000000 0000000000000000
0x000070000b48e168:   0000000000000000 0000000000000000
0x000070000b48e178:   0000000000000000 0000000000000000
0x000070000b48e188:   0000000000000000 0000000000000000
0x000070000b48e198:   0000000000000000 0000000000000000
0x000070000b48e1a8:   0000000000000000 0000000000000000
0x000070000b48e1b8:   0000000000000000 0000000000000000
0x000070000b48e1c8:   0000000000000000 0000000000000000 

Instructions: (pc=0x0000000000000000)
0xffffffffffffffe0:   

Register to memory mapping:

RAX=0x00007fd61a576d30 is an unknown value
RBX=