Sencha Cmd 7.0.0.41 - Crash report
================================================
An error occurred while executing the following command: app build

Diagnostic information:
=======================
                      app.bootstrap.base : /Users/jordannelson/Source/Sencha/Repos/Clones/ext-allshared/generate/bundler
                         app.buildfolder : build                                             
                        app.cache.deltas : deltas                                            
                        app.cache.enable : false                                             
                          app.compressor : null                                              
                          app.config.dir : /Users/jordannelson/bin/Sencha/Cmd/7.0.0.41/ant/build/app
                app.cordova.cache.enable : false                                             
                   app.cordova.config.id : com.domain.bundler                                
                 app.cordova.config.name : bundler                                           
                 app.cordova.config.path : /Users/jordannelson/Source/Sencha/Repos/Clones/ext-allshared/generate/bundler/cordova
               app.cordova.config.target :                                                   
              app.cordova.config.verbose : false                                             
                   app.cordova.js.0.path : cordova.js                                        
               app.cordova.js.0.priority : 1000                                              
                 app.cordova.js.0.remote : true                                              
                   app.cordova.js.length : 1                                                 
                 app.cordova.microloader : /Users/jordannelson/bin/Sencha/Cmd/7.0.0.41/ant/build/app/Microloader.js
      app.cordova.output.appCache.enable : false                                             
                 app.cordova.output.base : /Users/jordannelson/Source/Sencha/Repos/Clones/ext-allshared/generate/bundler/cordova/www
             app.cordova.output.manifest : ${build.id}.json                                  
                 app.cordova.output.page : index.html                                        
                                 app.dir : /Users/jordannelson/Source/Sencha/Repos/Clones/ext-allshared/generate/bundler
              app.fashion.inliner.enable : false                                             
                           app.framework : ext                                               
                       app.indexHtmlPath : index.html                                        
                      app.manifestfolder : manifest                                          
                                app.name : bundler                                           
              app.output.appCache.enable : false                                             
                         app.output.base : ./build/grid                                      
           app.output.microloader.enable : true                                              
               app.output.resources.path : ./                                                
                         app.packagename : grid                                              
               app.phonegap.cache.enable : false                                             
                  app.phonegap.config.id : com.domain.bundler                                
                app.phonegap.config.name : bundler                                           
                app.phonegap.config.path : /Users/jordannelson/Source/Sencha/Repos/Clones/ext-allshared/generate/bundler/phonegap
              app.phonegap.config.remote : false                                             
             app.phonegap.config.verbose : false                                             
                  app.phonegap.js.0.path : cordova.js                                        
              app.phonegap.js.0.priority : 1000                                              
                app.phonegap.js.0.remote : true                                              
                  app.phonegap.js.length : 1                                                 
                app.phonegap.microloader : /Users/jordannelson/bin/Sencha/Cmd/7.0.0.41/ant/build/app/Microloader.js
     app.phonegap.output.appCache.enable : false                                             
                app.phonegap.output.base : /Users/jordannelson/Source/Sencha/Repos/Clones/ext-allshared/generate/bundler/phonegap/www
            app.phonegap.output.manifest : ${build.id}.json                                  
                app.phonegap.output.page : index.html                                        
             app.production.cache.enable : true                                              
          app.production.compressor.type : cmd                                               
                        app.sass.dynamic : true                                              
                        app.sass.fashion : true                                              
                 app.slicer.cache.enable : false                                             
        app.slicer.js.0.isWidgetManifest : true                                              
                    app.slicer.js.0.path : /Users/jordannelson/Source/Sencha/Repos/Clones/ext-allshared/generate/bundler/sass/example/custom.js
                    app.slicer.js.length : 1                                                 
       app.slicer.output.appCache.enable : false                                             
                               app.theme : theme-neptune                                     
                             app.toolkit : modern                                            
                    buildenvironment.dir : /Users/jordannelson/Source/Sencha/Repos/Clones/ext-allshared/generate/bundler
               buildenvironment.load.dir : /Users/jordannelson/Source/Sencha/Repos/Clones/ext-allshared/generate/bundler
                          cmd.config.dir : /Users/jordannelson/bin/Sencha/Cmd/7.0.0.41       
                                 cmd.dir : /Users/jordannelson/bin/Sencha/Cmd/7.0.0.41       
                    cmd.framework.minver : 5.5.0                                             
                   cmd.framework.version : 99.99                                             
              cmd.merge.tool.args.araxis : -wait -merge -3 -a1 {base} {user} {generated} {out}
              cmd.merge.tool.args.kdiff3 : {base} {user} {generated} -o {out}                
             cmd.merge.tool.args.p4merge : {base} {user} {generated} {out}                   
           cmd.merge.tool.args.smartsync : {user} {generated} {base}                         
          cmd.merge.tool.args.sourcegear : --merge --result={out} {user} {base} {generated}  
            cmd.merge.tool.args.tortoise : -base:{base} -theirs:{generated} -mine:{user} -merged:{out}
                              cmd.minver : 3.0.0.0                                           
                            cmd.platform : osx                                               
                     cmd.unicode.escapes : /Users/jordannelson/bin/Sencha/Cmd/7.0.0.41/unicode-escapes.json
                             cmd.version : 7.0.0.41                                          
                            cmd.web.port : 1841                                              
                     config.skipDownload : true                                              
                      config.skipInherit : false                                             
                        ext.license.name : commercial                                        
                     framework.classpath : ${package.dir}/src                                
                    framework.cmd.minver : 6.7.0                                             
                   framework.cmd.version : 7.0.0                                             
                 framework.compatVersion : 7.0.0                                             
                    framework.config.dir : /Users/jordannelson/bin/Sencha/Cmd/7.0.0.41/plugins/ext/current
                       framework.creator : Sencha                                            
           framework.detailedDescription : Sencha Ext JS JavaScript Framework                
                           framework.dir : /Users/jordannelson/Source/Sencha/Repos/Clones/ext-allshared/generate/bundler/node_modules/@sencha/ext
                       framework.extTier : pro                                               
                        framework.format : 1                                                 
                          framework.isV5 : true                                              
                          framework.isV6 : true                                              
                         framework.isV62 : true                                              
                         framework.isV65 : true                                              
     framework.language.js.input.version : ES5                                               
                         framework.local : true                                              
                          framework.name : ext                                               
                     framework.namespace : Ext                                               
                        framework.output : ${package.dir}/build                              
                     framework.overrides : ${package.dir}/overrides                          
                  framework.packages.dir : /Users/jordannelson/Source/Sencha/Repos/Clones/ext-allshared/generate/bundler/node_modules/@sencha/ext/../ext-modern*,/Users/jordannelson/Source/Sencha/Repos/Clones/ext-allshared/generate/bundler/node_modules/@sencha/ext/../ext-core,/Users/jordannelson/Source/Sencha/Repos/Clones/ext-allshared/generate/bundler/node_modules/@sencha/ext/../ext-font-awesome,/Users/jordannelson/Source/Sencha/Repos/Clones/ext-allshared/generate/bundler/node_modules/@sencha/ext/../ext-font-ext
                framework.resource.paths : resources                                         
              framework.resource.paths.0 : resources                                         
         framework.resource.paths.length : 1                                                 
                      framework.sass.etc : ${package.dir}/sass/etc/all.scss                  
                  framework.sass.fashion : true                                              
                framework.sass.namespace : Ext                                               
                      framework.sass.src : ${package.dir}/sass/src                           
                      framework.sass.var : ${package.dir}/sass/var                           
                       framework.summary : Ext JS                                            
                          framework.type : framework                                         
                       framework.version : 7.0.0.156                                         
                       inspector.address : http://localhost:1839/                            
                    package.sass.dynamic : true                                              
                          repo.local.dir : /Users/jordannelson/bin/Sencha/Cmd/repo           
                         sencha.sdk.path : /Users/jordannelson/bin/Sencha/ExtJS              
                       shared.sencha.dir : true                                              
        system.java.net.useSystemProxies : true                                              
                              theme.name : theme-neptune                                     
                            toolkit.name : modern                                            
                     workspace.build.dir : /Users/jordannelson/Source/Sencha/Repos/Clones/ext-allshared/generate/bundler/build
                    workspace.config.dir : /Users/jordannelson/bin/Sencha/Cmd/7.0.0.41/ant/build/workspace
                           workspace.dir : /Users/jordannelson/Source/Sencha/Repos/Clones/ext-allshared/generate/bundler
           workspace.frameworks.ext.path : /Users/jordannelson/Source/Sencha/Repos/Clones/ext-allshared/generate/bundler/node_modules/@sencha/ext
                  workspace.packages.dir : /Users/jordannelson/Source/Sencha/Repos/Clones/ext-allshared/generate/bundler/packages/local,/Users/jordannelson/Source/Sencha/Repos/Clones/ext-allshared/generate/bundler/packages,/Users/jordannelson/Source/Sencha/Repos/Clones/ext-allshared/generate/bundler/node_modules/@sencha,/Users/jordannelson/Source/Sencha/Repos/Clones/ext-allshared/generate/bundler/node_modules/@sencha/ext-font-ios,/Users/jordannelson/Source/Sencha/Repos/Clones/ext-allshared/generate/bundler/node_modules/@sencha/ext-font-awesome,/Users/jordannelson/Source/Sencha/Repos/Clones/ext-allshared/generate/bundler/node_modules/@sencha/ext,/Users/jordannelson/Source/Sencha/Repos/Clones/ext-allshared/generate/bundler/node_modules/@sencha/ext-modern,/Users/jordannelson/Source/Sencha/Repos/Clones/ext-allshared/generate/bundler/node_modules/@sencha/ext-modern-theme-base,/Users/jordannelson/Source/Sencha/Repos/Clones/ext-allshared/generate/bundler/node_modules/@sencha/ext-modern-theme-base,/Users/jordannelson/Source/Sencha/Repos/Clones/ext-allshared/generate/bundler/node_modules/@sencha/ext-modern-theme-ios,/Users/jordannelson/Source/Sencha/Repos/Clones/ext-allshared/generate/bundler/node_modules/@sencha/ext-modern-theme-material,/Users/jordannelson/Source/Sencha/Repos/Clones/ext-allshared/generate/bundler/node_modules/@sencha/ext-modern-theme-aria,/Users/jordannelson/Source/Sencha/Repos/Clones/ext-allshared/generate/bundler/node_modules/@sencha/ext-modern-theme-neutral,/Users/jordannelson/Source/Sencha/Repos/Clones/ext-allshared/generate/bundler/node_modules/@sencha/ext-modern-theme-classic,/Users/jordannelson/Source/Sencha/Repos/Clones/ext-allshared/generate/bundler/node_modules/@sencha/ext-modern-theme-gray,/Users/jordannelson/Source/Sencha/Repos/Clones/ext-allshared/generate/bundler/node_modules/@sencha/ext-modern-theme-crisp,/Users/jordannelson/Source/Sencha/Repos/Clones/ext-allshared/generate/bundler/node_modules/@sencha/ext-modern-theme-crisp-touch,/Users/jordannelson/Source/Sencha/Repos/Clones/ext-allshared/generate/bundler/node_modules/@sencha/ext-modern-theme-neptune,/Users/jordannelson/Source/Sencha/Repos/Clones/ext-allshared/generate/bundler/node_modules/@sencha/ext-modern-theme-neptune-touch,/Users/jordannelson/Source/Sencha/Repos/Clones/ext-allshared/generate/bundler/node_modules/@sencha/ext-modern-theme-triton,/Users/jordannelson/Source/Sencha/Repos/Clones/ext-allshared/generate/bundler/node_modules/@sencha/ext-modern-theme-graphite,/Users/jordannelson/Source/Sencha/Repos/Clones/ext-allshared/generate/bundler/node_modules/@sencha/ext-react-renderercell,/Users/jordannelson/Source/Sencha/Repos/Clones/ext-allshared/generate/bundler/node_modules/@sencha/ext-web-components-renderercell,/Users/jordannelson/Source/Sencha/Repos/Clones/ext-allshared/generate/bundler/node_modules/@sencha/ext-calendar,/Users/jordannelson/Source/Sencha/Repos/Clones/ext-allshared/generate/bundler/node_modules/@sencha/ext-charts,/Users/jordannelson/Source/Sencha/Repos/Clones/ext-allshared/generate/bundler/node_modules/@sencha/ext-d3,/Users/jordannelson/Source/Sencha/Repos/Clones/ext-allshared/generate/bundler/node_modules/@sencha/ext-exporter,/Users/jordannelson/Source/Sencha/Repos/Clones/ext-allshared/generate/bundler/node_modules/@sencha/ext-pivot,/Users/jordannelson/Source/Sencha/Repos/Clones/ext-allshared/generate/bundler/node_modules/@sencha/ext-pivot-d3,/Users/jordannelson/Source/Sencha/Repos/Clones/ext-allshared/generate/bundler/node_modules/@sencha/ext-ux
                workspace.packages.dir.0 : /Users/jordannelson/Source/Sencha/Repos/Clones/ext-allshared/generate/bundler/packages/local
                workspace.packages.dir.1 : /Users/jordannelson/Source/Sencha/Repos/Clones/ext-allshared/generate/bundler/packages
               workspace.packages.dir.10 : /Users/jordannelson/Source/Sencha/Repos/Clones/ext-allshared/generate/bundler/node_modules/@sencha/ext-modern-theme-material
               workspace.packages.dir.11 : /Users/jordannelson/Source/Sencha/Repos/Clones/ext-allshared/generate/bundler/node_modules/@sencha/ext-modern-theme-aria
               workspace.packages.dir.12 : /Users/jordannelson/Source/Sencha/Repos/Clones/ext-allshared/generate/bundler/node_modules/@sencha/ext-modern-theme-neutral
               workspace.packages.dir.13 : /Users/jordannelson/Source/Sencha/Repos/Clones/ext-allshared/generate/bundler/node_modules/@sencha/ext-modern-theme-classic
               workspace.packages.dir.14 : /Users/jordannelson/Source/Sencha/Repos/Clones/ext-allshared/generate/bundler/node_modules/@sencha/ext-modern-theme-gray
               workspace.packages.dir.15 : /Users/jordannelson/Source/Sencha/Repos/Clones/ext-allshared/generate/bundler/node_modules/@sencha/ext-modern-theme-crisp
               workspace.packages.dir.16 : /Users/jordannelson/Source/Sencha/Repos/Clones/ext-allshared/generate/bundler/node_modules/@sencha/ext-modern-theme-crisp-touch
               workspace.packages.dir.17 : /Users/jordannelson/Source/Sencha/Repos/Clones/ext-allshared/generate/bundler/node_modules/@sencha/ext-modern-theme-neptune
               workspace.packages.dir.18 : /Users/jordannelson/Source/Sencha/Repos/Clones/ext-allshared/generate/bundler/node_modules/@sencha/ext-modern-theme-neptune-touch
               workspace.packages.dir.19 : /Users/jordannelson/Source/Sencha/Repos/Clones/ext-allshared/generate/bundler/node_modules/@sencha/ext-modern-theme-triton
                workspace.packages.dir.2 : /Users/jordannelson/Source/Sencha/Repos/Clones/ext-allshared/generate/bundler/node_modules/@sencha
               workspace.packages.dir.20 : /Users/jordannelson/Source/Sencha/Repos/Clones/ext-allshared/generate/bundler/node_modules/@sencha/ext-modern-theme-graphite
               workspace.packages.dir.21 : /Users/jordannelson/Source/Sencha/Repos/Clones/ext-allshared/generate/bundler/node_modules/@sencha/ext-react-renderercell
               workspace.packages.dir.22 : /Users/jordannelson/Source/Sencha/Repos/Clones/ext-allshared/generate/bundler/node_modules/@sencha/ext-web-components-renderercell
               workspace.packages.dir.23 : /Users/jordannelson/Source/Sencha/Repos/Clones/ext-allshared/generate/bundler/node_modules/@sencha/ext-calendar
               workspace.packages.dir.24 : /Users/jordannelson/Source/Sencha/Repos/Clones/ext-allshared/generate/bundler/node_modules/@sencha/ext-charts
               workspace.packages.dir.25 : /Users/jordannelson/Source/Sencha/Repos/Clones/ext-allshared/generate/bundler/node_modules/@sencha/ext-d3
               workspace.packages.dir.26 : /Users/jordannelson/Source/Sencha/Repos/Clones/ext-allshared/generate/bundler/node_modules/@sencha/ext-exporter
               workspace.packages.dir.27 : /Users/jordannelson/Source/Sencha/Repos/Clones/ext-allshared/generate/bundler/node_modules/@sencha/ext-pivot
               workspace.packages.dir.28 : /Users/jordannelson/Source/Sencha/Repos/Clones/ext-allshared/generate/bundler/node_modules/@sencha/ext-pivot-d3
               workspace.packages.dir.29 : /Users/jordannelson/Source/Sencha/Repos/Clones/ext-allshared/generate/bundler/node_modules/@sencha/ext-ux
                workspace.packages.dir.3 : /Users/jordannelson/Source/Sencha/Repos/Clones/ext-allshared/generate/bundler/node_modules/@sencha/ext-font-ios
                workspace.packages.dir.4 : /Users/jordannelson/Source/Sencha/Repos/Clones/ext-allshared/generate/bundler/node_modules/@sencha/ext-font-awesome
                workspace.packages.dir.5 : /Users/jordannelson/Source/Sencha/Repos/Clones/ext-allshared/generate/bundler/node_modules/@sencha/ext
                workspace.packages.dir.6 : /Users/jordannelson/Source/Sencha/Repos/Clones/ext-allshared/generate/bundler/node_modules/@sencha/ext-modern
                workspace.packages.dir.7 : /Users/jordannelson/Source/Sencha/Repos/Clones/ext-allshared/generate/bundler/node_modules/@sencha/ext-modern-theme-base
                workspace.packages.dir.8 : /Users/jordannelson/Source/Sencha/Repos/Clones/ext-allshared/generate/bundler/node_modules/@sencha/ext-modern-theme-base
                workspace.packages.dir.9 : /Users/jordannelson/Source/Sencha/Repos/Clones/ext-allshared/generate/bundler/node_modules/@sencha/ext-modern-theme-ios
           workspace.packages.dir.length : 30                                                
              workspace.packages.extract : /Users/jordannelson/Source/Sencha/Repos/Clones/ext-allshared/generate/bundler/packages/remote

Exception information:
=======================
/Users/jordannelson/bin/Sencha/Cmd/7.0.0.41/plugin.xml:333: The following error occurred while executing this line:
/Users/jordannelson/Source/Sencha/Repos/Clones/ext-allshared/generate/bundler/build.xml:27: com.sencha.exceptions.ExArg: Unknown command: "fs"
     at com.sencha.ant.AntScript.execute(AntScript.java:121)
     at com.sencha.command.plugin.PluginManager.execute(PluginManager.java:104)
     at com.sencha.command.plugin.PluginManager.executeReverseFirst(PluginManager.java:145)
     at com.sencha.command.environment.BuildEnvironment.execute(BuildEnvironment.java:309)
     at com.sencha.command.environment.AppOrPackageEnvironment.execute(AppOrPackageEnvironment.java:729)
     at com.sencha.command.BasePluginCommands$BasePluginCommand.doExecute(BasePluginCommands.java:125)
     at com.sencha.command.app.AppCommands$BuildCommand.execute(AppCommands.java:470)
     at sun.reflect.NativeMethodAccessorImpl.invoke0(Native Method)
     at sun.reflect.NativeMethodAccessorImpl.invoke(NativeMethodAccessorImpl.java:62)
     at sun.reflect.DelegatingMethodAccessorImpl.invoke(DelegatingMethodAccessorImpl.java:43)
     at java.lang.reflect.Method.invoke(Method.java:498)
     at com.sencha.util.MethodInvoker$Arguments.invoke(MethodInvoker.java:175)
     at com.sencha.cli.Command.dispatch(Command.java:43)
     at com.sencha.command.BasePluginCommands$BasePluginCommand.dispatch(BasePluginCommands.java:289)
     at com.sencha.cli.Commands.dispatch(Commands.java:64)
     at com.sencha.cli.Commands.dispatch(Commands.java:64)
     at com.sencha.command.Sencha.dispatch(Sencha.java:80)
     at com.sencha.command.Sencha.main(Sencha.java:151)
     at sun.reflect.NativeMethodAccessorImpl.invoke0(Native Method)
     at sun.reflect.NativeMethodAccessorImpl.invoke(NativeMethodAccessorImpl.java:62)
     at sun.reflect.DelegatingMethodAccessorImpl.invoke(DelegatingMethodAccessorImpl.java:43)
     at java.lang.reflect.Method.invoke(Method.java:498)
     at com.exe4j.runtime.LauncherEngine.launch(Unknown Source)
     at com.install4j.runtime.launcher.UnixLauncher.main(Unknown Source)
   Caused by: The following error occurred while executing this line:
/Users/jordannelson/Source/Sencha/Repos/Clones/ext-allshared/generate/bundler/build.xml:27: com.sencha.exceptions.ExArg: Unknown command: "fs"
     at org.apache.tools.ant.ProjectHelper.addLocationToBuildException(ProjectHelper.java:551)
     at org.apache.tools.ant.taskdefs.Ant.execute(Ant.java:444)
     at org.apache.tools.ant.UnknownElement.execute(UnknownElement.java:291)
     at sun.reflect.GeneratedMethodAccessor32.invoke(Unknown Source)
     at sun.reflect.DelegatingMethodAccessorImpl.invoke(DelegatingMethodAccessorImpl.java:43)
     at java.lang.reflect.Method.invoke(Method.java:498)
     at org.apache.tools.ant.dispatch.DispatchUtils.execute(DispatchUtils.java:106)
     at org.apache.tools.ant.Task.perform(Task.java:348)
     at org.apache.tools.ant.taskdefs.Sequential.execute(Sequential.java:68)
     at net.sf.antcontrib.logic.IfTask.execute(IfTask.java:217)
     at sun.reflect.NativeMethodAccessorImpl.invoke0(Native Method)
     at sun.reflect.NativeMethodAccessorImpl.invoke(NativeMethodAccessorImpl.java:62)
     at sun.reflect.DelegatingMethodAccessorImpl.invoke(DelegatingMethodAccessorImpl.java:43)
     at java.lang.reflect.Method.invoke(Method.java:498)
     at org.apache.tools.ant.dispatch.DispatchUtils.execute(DispatchUtils.java:106)
     at org.apache.tools.ant.TaskAdapter.execute(TaskAdapter.java:154)
     at org.apache.tools.ant.UnknownElement.execute(UnknownElement.java:291)
     at sun.reflect.NativeMethodAccessorImpl.invoke0(Native Method)
     at sun.reflect.NativeMethodAccessorImpl.invoke(NativeMethodAccessorImpl.java:62)
     at sun.reflect.DelegatingMethodAccessorImpl.invoke(DelegatingMethodAccessorImpl.java:43)
     at java.lang.reflect.Method.invoke(Method.java:498)
     at org.apache.tools.ant.dispatch.DispatchUtils.execute(DispatchUtils.java:106)
     at org.apache.tools.ant.Task.perform(Task.java:348)
     at org.apache.tools.ant.Target.execute(Target.java:392)
     at org.apache.tools.ant.Target.performTasks(Target.java:413)
     at org.apache.tools.ant.Project.executeSortedTargets(Project.java:1399)
     at org.apache.tools.ant.Project.executeTarget(Project.java:1368)
     at org.apache.tools.ant.helper.DefaultExecutor.executeTargets(DefaultExecutor.java:41)
     at org.apache.tools.ant.Project.executeTargets(Project.java:1251)
     at com.sencha.ant.AntScript.execute(AntScript.java:117)
     at com.sencha.command.plugin.PluginManager.execute(PluginManager.java:104)
     at com.sencha.command.plugin.PluginManager.executeReverseFirst(PluginManager.java:145)
     at com.sencha.command.environment.BuildEnvironment.execute(BuildEnvironment.java:309)
     at com.sencha.command.environment.AppOrPackageEnvironment.execute(AppOrPackageEnvironment.java:729)
     at com.sencha.command.BasePluginCommands$BasePluginCommand.doExecute(BasePluginCommands.java:125)
     at com.sencha.command.app.AppCommands$BuildCommand.execute(AppCommands.java:470)
     at sun.reflect.NativeMethodAccessorImpl.invoke0(Native Method)
     at sun.reflect.NativeMethodAccessorImpl.invoke(NativeMethodAccessorImpl.java:62)
     at sun.reflect.DelegatingMethodAccessorImpl.invoke(DelegatingMethodAccessorImpl.java:43)
     at java.lang.reflect.Method.invoke(Method.java:498)
     at com.sencha.util.MethodInvoker$Arguments.invoke(MethodInvoker.java:175)
     at com.sencha.cli.Command.dispatch(Command.java:43)
     at com.sencha.command.BasePluginCommands$BasePluginCommand.dispatch(BasePluginCommands.java:289)
     at com.sencha.cli.Commands.dispatch(Commands.java:64)
     at com.sencha.cli.Commands.dispatch(Commands.java:64)
     at com.sencha.command.Sencha.dispatch(Sencha.java:80)
     at com.sencha.command.Sencha.main(Sencha.java:151)
     at sun.reflect.NativeMethodAccessorImpl.invoke0(Native Method)
     at sun.reflect.NativeMethodAccessorImpl.invoke(NativeMethodAccessorImpl.java:62)
     at sun.reflect.DelegatingMethodAccessorImpl.invoke(DelegatingMethodAccessorImpl.java:43)
     at java.lang.reflect.Method.invoke(Method.java:498)
     at com.exe4j.runtime.LauncherEngine.launch(Unknown Source)
     at com.install4j.runtime.launcher.UnixLauncher.main(Unknown Source)
   Caused by: com.sencha.exceptions.ExArg: Unknown command: "fs"
     at org.apache.tools.ant.dispatch.DispatchUtils.execute(DispatchUtils.java:116)
     at org.apache.tools.ant.Task.perform(Task.java:348)
     at org.apache.tools.ant.Target.execute(Target.java:392)
     at org.apache.tools.ant.Target.performTasks(Target.java:413)
     at org.apache.tools.ant.Project.executeSortedTargets(Project.java:1399)
     at org.apache.tools.ant.helper.SingleCheckExecutor.executeTargets(SingleCheckExecutor.java:38)
     at org.apache.tools.ant.Project.executeTargets(Project.java:1251)
     at org.apache.tools.ant.taskdefs.Ant.execute(Ant.java:442)
     at org.apache.tools.ant.UnknownElement.execute(UnknownElement.java:291)
     at sun.reflect.GeneratedMethodAccessor32.invoke(Unknown Source)
     at sun.reflect.DelegatingMethodAccessorImpl.invoke(DelegatingMethodAccessorImpl.java:43)
     at java.lang.reflect.Method.invoke(Method.java:498)
     at org.apache.tools.ant.dispatch.DispatchUtils.execute(DispatchUtils.java:106)
     at org.apache.tools.ant.Task.perform(Task.java:348)
     at org.apache.tools.ant.taskdefs.Sequential.execute(Sequential.java:68)
     at net.sf.antcontrib.logic.IfTask.execute(IfTask.java:217)
     at sun.reflect.NativeMethodAccessorImpl.invoke0(Native Method)
     at sun.reflect.NativeMethodAccessorImpl.invoke(NativeMethodAccessorImpl.java:62)
     at sun.reflect.DelegatingMethodAccessorImpl.invoke(DelegatingMethodAccessorImpl.java:43)
     at java.lang.reflect.Method.invoke(Method.java:498)
     at org.apache.tools.ant.dispatch.DispatchUtils.execute(DispatchUtils.java:106)
     at org.apache.tools.ant.TaskAdapter.execute(TaskAdapter.java:154)
     at org.apache.tools.ant.UnknownElement.execute(UnknownElement.java:291)
     at sun.reflect.NativeMethodAccessorImpl.invoke0(Native Method)
     at sun.reflect.NativeMethodAccessorImpl.invoke(NativeMethodAccessorImpl.java:62)
     at sun.reflect.DelegatingMethodAccessorImpl.invoke(DelegatingMethodAccessorImpl.java:43)
     at java.lang.reflect.Method.invoke(Method.java:498)
     at org.apache.tools.ant.dispatch.DispatchUtils.execute(DispatchUtils.java:106)
     at org.apache.tools.ant.Task.perform(Task.java:348)
     at org.apache.tools.ant.Target.execute(Target.java:392)
     at org.apache.tools.ant.Target.performTasks(Target.java:413)
     at org.apache.tools.ant.Project.executeSortedTargets(Project.java:1399)
     at org.apache.tools.ant.Project.executeTarget(Project.java:1368)
     at org.apache.tools.ant.helper.DefaultExecutor.executeTargets(DefaultExecutor.java:41)
     at org.apache.tools.ant.Project.executeTargets(Project.java:1251)
     at com.sencha.ant.AntScript.execute(AntScript.java:117)
     at com.sencha.command.plugin.PluginManager.execute(PluginManager.java:104)
     at com.sencha.command.plugin.PluginManager.executeReverseFirst(PluginManager.java:145)
     at com.sencha.command.environment.BuildEnvironment.execute(BuildEnvironment.java:309)
     at com.sencha.command.environment.AppOrPackageEnvironment.execute(AppOrPackageEnvironment.java:729)
     at com.sencha.command.BasePluginCommands$BasePluginCommand.doExecute(BasePluginCommands.java:125)
     at com.sencha.command.app.AppCommands$BuildCommand.execute(AppCommands.java:470)
     at sun.reflect.NativeMethodAccessorImpl.invoke0(Native Method)
     at sun.reflect.NativeMethodAccessorImpl.invoke(NativeMethodAccessorImpl.java:62)
     at sun.reflect.DelegatingMethodAccessorImpl.invoke(DelegatingMethodAccessorImpl.java:43)
     at java.lang.reflect.Method.invoke(Method.java:498)
     at com.sencha.util.MethodInvoker$Arguments.invoke(MethodInvoker.java:175)
     at com.sencha.cli.Command.dispatch(Command.java:43)
     at com.sencha.command.BasePluginCommands$BasePluginCommand.dispatch(BasePluginCommands.java:289)
     at com.sencha.cli.Commands.dispatch(Commands.java:64)
     at com.sencha.cli.Commands.dispatch(Commands.java:64)
     at com.sencha.command.Sencha.dispatch(Sencha.java:80)
     at com.sencha.command.Sencha.main(Sencha.java:151)
     at sun.reflect.NativeMethodAccessorImpl.invoke0(Native Method)
     at sun.reflect.NativeMethodAccessorImpl.invoke(NativeMethodAccessorImpl.java:62)
     at sun.reflect.DelegatingMethodAccessorImpl.invoke(DelegatingMethodAccessorImpl.java:43)
     at java.lang.reflect.Method.invoke(Method.java:498)
     at com.exe4j.runtime.LauncherEngine.launch(Unknown Source)
     at com.install4j.runtime.launcher.UnixLauncher.main(Unknown Source)
   Caused by: Unknown command: "fs"
     at com.sencha.cli.Commands.findCommand(Commands.java:81)
     at com.sencha.cli.Commands.dispatch(Commands.java:61)
     at com.sencha.command.compile.CompileCommands.dispatch(CompileCommands.java:332)
     at com.sencha.cli.AbstractCommand.dispatch(AbstractCommand.java:124)
     at com.sencha.ant.CompileTask$CompileToken.dispatchCommand(CompileTask.java:164)
     at com.sencha.ant.CompileTask.doExecute(CompileTask.java:123)
     at com.sencha.ant.BaseAntTask.execute(BaseAntTask.java:34)
     at com.sencha.ant.CompileTask.execute(CompileTask.java:36)
     at org.apache.tools.ant.UnknownElement.execute(UnknownElement.java:291)
     at sun.reflect.GeneratedMethodAccessor32.invoke(Unknown Source)
     at sun.reflect.DelegatingMethodAccessorImpl.invoke(DelegatingMethodAccessorImpl.java:43)
     at java.lang.reflect.Method.invoke(Method.java:498)
     at org.apache.tools.ant.dispatch.DispatchUtils.execute(DispatchUtils.java:106)
     at org.apache.tools.ant.Task.perform(Task.java:348)
     at org.apache.tools.ant.Target.execute(Target.java:392)
     at org.apache.tools.ant.Target.performTasks(Target.java:413)
     at org.apache.tools.ant.Project.executeSortedTargets(Project.java:1399)
     at org.apache.tools.ant.helper.SingleCheckExecutor.executeTargets(SingleCheckExecutor.java:38)
     at org.apache.tools.ant.Project.executeTargets(Project.java:1251)
     at org.apache.tools.ant.taskdefs.Ant.execute(Ant.java:442)
     at org.apache.tools.ant.UnknownElement.execute(UnknownElement.java:291)
     at sun.reflect.GeneratedMethodAccessor32.invoke(Unknown Source)
     at sun.reflect.DelegatingMethodAccessorImpl.invoke(DelegatingMethodAccessorImpl.java:43)
     at java.lang.reflect.Method.invoke(Method.java:498)
     at org.apache.tools.ant.dispatch.DispatchUtils.execute(DispatchUtils.java:106)
     at org.apache.tools.ant.Task.perform(Task.java:348)
     at org.apache.tools.ant.taskdefs.Sequential.execute(Sequential.java:68)
     at net.sf.antcontrib.logic.IfTask.execute(IfTask.java:217)
     at sun.reflect.NativeMethodAccessorImpl.invoke0(Native Method)
     at sun.reflect.NativeMethodAccessorImpl.invoke(NativeMethodAccessorImpl.java:62)
     at sun.reflect.DelegatingMethodAccessorImpl.invoke(DelegatingMethodAccessorImpl.java:43)
     at java.lang.reflect.Method.invoke(Method.java:498)
     at org.apache.tools.ant.dispatch.DispatchUtils.execute(DispatchUtils.java:106)
     at org.apache.tools.ant.TaskAdapter.execute(TaskAdapter.java:154)
     at org.apache.tools.ant.UnknownElement.execute(UnknownElement.java:291)
     at sun.reflect.NativeMethodAccessorImpl.invoke0(Native Method)
     at sun.reflect.NativeMethodAccessorImpl.invoke(NativeMethodAccessorImpl.java:62)
     at sun.reflect.DelegatingMethodAccessorImpl.invoke(DelegatingMethodAccessorImpl.java:43)
     at java.lang.reflect.Method.invoke(Method.java:498)
     at org.apache.tools.ant.dispatch.DispatchUtils.execute(DispatchUtils.java:106)
     at org.apache.tools.ant.Task.perform(Task.java:348)
     at org.apache.tools.ant.Target.execute(Target.java:392)
     at org.apache.tools.ant.Target.performTasks(Target.java:413)
     at org.apache.tools.ant.Project.executeSortedTargets(Project.java:1399)
     at org.apache.tools.ant.Project.executeTarget(Project.java:1368)
     at org.apache.tools.ant.helper.DefaultExecutor.executeTargets(DefaultExecutor.java:41)
     at org.apache.tools.ant.Project.executeTargets(Project.java:1251)
     at com.sencha.ant.AntScript.execute(AntScript.java:117)
     at com.sencha.command.plugin.PluginManager.execute(PluginManager.java:104)
     at com.sencha.command.plugin.PluginManager.executeReverseFirst(PluginManager.java:145)
     at com.sencha.command.environment.BuildEnvironment.execute(BuildEnvironment.java:309)
     at com.sencha.command.environment.AppOrPackageEnvironment.execute(AppOrPackageEnvironment.java:729)
     at com.sencha.command.BasePluginCommands$BasePluginCommand.doExecute(BasePluginCommands.java:125)
     at com.sencha.command.app.AppCommands$BuildCommand.execute(AppCommands.java:470)
     at sun.reflect.NativeMethodAccessorImpl.invoke0(Native Method)
     at sun.reflect.NativeMethodAccessorImpl.invoke(NativeMethodAccessorImpl.java:62)
     at sun.reflect.DelegatingMethodAccessorImpl.invoke(DelegatingMethodAccessorImpl.java:43)
     at java.lang.reflect.Method.invoke(Method.java:498)
     at com.sencha.util.MethodInvoker$Arguments.invoke(MethodInvoker.java:175)
     at com.sencha.cli.Command.dispatch(Command.java:43)
     at com.sencha.command.BasePluginCommands$BasePluginCommand.dispatch(BasePluginCommands.java:289)
     at com.sencha.cli.Commands.dispatch(Commands.java:64)
     at com.sencha.cli.Commands.dispatch(Commands.java:64)
     at com.sencha.command.Sencha.dispatch(Sencha.java:80)
     at com.sencha.command.Sencha.main(Sencha.java:151)
     at sun.reflect.NativeMethodAccessorImpl.invoke0(Native Method)
     at sun.reflect.NativeMethodAccessorImpl.invoke(NativeMethodAccessorImpl.java:62)
     at sun.reflect.DelegatingMethodAccessorImpl.invoke(DelegatingMethodAccessorImpl.java:43)
     at java.lang.reflect.Method.invoke(Method.java:498)
     at com.exe4j.runtime.LauncherEngine.launch(Unknown Source)
     at com.install4j.runtime.launcher.UnixLauncher.main(Unknown Source)

